This is pdfTeX, Version 3.141592653-2.6-1.40.29 (TeX Live 2026) (preloaded format=pdflatex 2026.4.25)  1 JUL 2026 23:05
entering extended mode
 restricted \write18 enabled.
 %&-line parsing enabled.
**rse_geofm_world_model_rl_v2.tex
(./rse_geofm_world_model_rl_v2.tex
LaTeX2e <2025-11-01>
L3 programming layer <2026-03-20>
(d:/texlive/2026/texmf-dist/tex/latex/base/article.cls
Document Class: article 2025/01/22 v1.4n Standard LaTeX document class
(d:/texlive/2026/texmf-dist/tex/latex/base/size10.clo
File: size10.clo 2025/01/22 v1.4n Standard LaTeX file (size option)
)
\c@part=\count275
\c@section=\count276
\c@subsection=\count277
\c@subsubsection=\count278
\c@paragraph=\count279
\c@subparagraph=\count280
\c@figure=\count281
\c@table=\count282
\abovecaptionskip=\skip49
\belowcaptionskip=\skip50
\bibindent=\dimen150
)
(d:/texlive/2026/texmf-dist/tex/latex/amsmath/amsmath.sty
Package: amsmath 2025/07/09 v2.17z AMS math features
\@mathmargin=\skip51

For additional information on amsmath, use the `?' option.
(d:/texlive/2026/texmf-dist/tex/latex/amsmath/amstext.sty
Package: amstext 2024/11/17 v2.01 AMS text

(d:/texlive/2026/texmf-dist/tex/latex/amsmath/amsgen.sty
File: amsgen.sty 1999/11/30 v2.0 generic functions
\@emptytoks=\toks17
\ex@=\dimen151
))
(d:/texlive/2026/texmf-dist/tex/latex/amsmath/amsbsy.sty
Package: amsbsy 1999/11/29 v1.2d Bold Symbols
\pmbraise@=\dimen152
)
(d:/texlive/2026/texmf-dist/tex/latex/amsmath/amsopn.sty
Package: amsopn 2022/04/08 v2.04 operator names
)
\inf@bad=\count283
LaTeX Info: Redefining \frac on input line 233.
\uproot@=\count284
\leftroot@=\count285
LaTeX Info: Redefining \overline on input line 398.
LaTeX Info: Redefining \colon on input line 409.
\classnum@=\count286
\DOTSCASE@=\count287
LaTeX Info: Redefining \ldots on input line 495.
LaTeX Info: Redefining \dots on input line 498.
LaTeX Info: Redefining \cdots on input line 619.
\Mathstrutbox@=\box53
\strutbox@=\box54
LaTeX Info: Redefining \big on input line 721.
LaTeX Info: Redefining \Big on input line 722.
LaTeX Info: Redefining \bigg on input line 723.
LaTeX Info: Redefining \Bigg on input line 724.
\big@size=\dimen153
LaTeX Font Info:    Redeclaring font encoding OML on input line 742.
LaTeX Font Info:    Redeclaring font encoding OMS on input line 743.
\macc@depth=\count288
LaTeX Info: Redefining \bmod on input line 904.
LaTeX Info: Redefining \pmod on input line 909.
LaTeX Info: Redefining \smash on input line 939.
LaTeX Info: Redefining \relbar on input line 969.
LaTeX Info: Redefining \Relbar on input line 970.
\c@MaxMatrixCols=\count289
\dotsspace@=\muskip17
\c@parentequation=\count290
\dspbrk@lvl=\count291
\tag@help=\toks18
\row@=\count292
\column@=\count293
\maxfields@=\count294
\andhelp@=\toks19
\eqnshift@=\dimen154
\alignsep@=\dimen155
\tagshift@=\dimen156
\tagwidth@=\dimen157
\totwidth@=\dimen158
\lineht@=\dimen159
\@envbody=\toks20
\multlinegap=\skip52
\multlinetaggap=\skip53
\mathdisplay@stack=\toks21
LaTeX Info: Redefining \[ on input line 2950.
LaTeX Info: Redefining \] on input line 2951.
)
(d:/texlive/2026/texmf-dist/tex/latex/amsfonts/amssymb.sty
Package: amssymb 2013/01/14 v3.01 AMS font symbols

(d:/texlive/2026/texmf-dist/tex/latex/amsfonts/amsfonts.sty
Package: amsfonts 2013/01/14 v3.01 Basic AMSFonts support
\symAMSa=\mathgroup4
\symAMSb=\mathgroup5
LaTeX Font Info:    Redeclaring math symbol \hbar on input line 98.
LaTeX Font Info:    Overwriting math alphabet `\mathfrak' in version `bold'
(Font)                  U/euf/m/n --> U/euf/b/n on input line 106.
))
(d:/texlive/2026/texmf-dist/tex/latex/booktabs/booktabs.sty
Package: booktabs 2020/01/12 v1.61803398 Publication quality tables
\heavyrulewidth=\dimen160
\lightrulewidth=\dimen161
\cmidrulewidth=\dimen162
\belowrulesep=\dimen163
\belowbottomsep=\dimen164
\aboverulesep=\dimen165
\abovetopsep=\dimen166
\cmidrulesep=\dimen167
\cmidrulekern=\dimen168
\defaultaddspace=\dimen169
\@cmidla=\count295
\@cmidlb=\count296
\@aboverulesep=\dimen170
\@belowrulesep=\dimen171
\@thisruleclass=\count297
\@lastruleclass=\count298
\@thisrulewidth=\dimen172
)
(d:/texlive/2026/texmf-dist/tex/latex/tools/array.sty
Package: array 2025/09/25 v2.6n Tabular extension package (FMi)
\col@sep=\dimen173
\ar@mcellbox=\box55
\extrarowheight=\dimen174
\NC@list=\toks22
\extratabsurround=\skip54
\backup@length=\skip55
\ar@cellbox=\box56
)
(d:/texlive/2026/texmf-dist/tex/latex/graphics/graphicx.sty
Package: graphicx 2024/12/31 v1.2e Enhanced LaTeX Graphics (DPC,SPQR)

(d:/texlive/2026/texmf-dist/tex/latex/graphics/keyval.sty
Package: keyval 2022/05/29 v1.15 key=value parser (DPC)
\KV@toks@=\toks23
)
(d:/texlive/2026/texmf-dist/tex/latex/graphics/graphics.sty
Package: graphics 2024/08/06 v1.4g Standard LaTeX Graphics (DPC,SPQR)

(d:/texlive/2026/texmf-dist/tex/latex/graphics/trig.sty
Package: trig 2023/12/02 v1.11 sin cos tan (DPC)
)
(d:/texlive/2026/texmf-dist/tex/latex/graphics-cfg/graphics.cfg
File: graphics.cfg 2016/06/04 v1.11 sample graphics configuration
)
Package graphics Info: Driver file: pdftex.def on input line 106.

(d:/texlive/2026/texmf-dist/tex/latex/graphics-def/pdftex.def
File: pdftex.def 2025/09/29 v1.2d Graphics/color driver for pdftex
))
\Gin@req@height=\dimen175
\Gin@req@width=\dimen176
)
(d:/texlive/2026/texmf-dist/tex/latex/multirow/multirow.sty
Package: multirow 2024/11/12 v2.9 Span multiple rows of a table
\multirow@colwidth=\skip56
\multirow@cntb=\count299
\multirow@dima=\skip57
\bigstrutjot=\dimen177
)
(d:/texlive/2026/texmf-dist/tex/latex/caption/caption.sty
Package: caption 2023/08/05 v3.6o Customizing captions (AR)

(d:/texlive/2026/texmf-dist/tex/latex/caption/caption3.sty
Package: caption3 2023/07/31 v2.4d caption3 kernel (AR)
\caption@tempdima=\dimen178
\captionmargin=\dimen179
\caption@leftmargin=\dimen180
\caption@rightmargin=\dimen181
\caption@width=\dimen182
\caption@indent=\dimen183
\caption@parindent=\dimen184
\caption@hangindent=\dimen185
Package caption Info: Standard document class detected.
)
\c@caption@flags=\count300
\c@continuedfloat=\count301
)
(d:/texlive/2026/texmf-dist/tex/latex/caption/subcaption.sty
Package: subcaption 2023/07/28 v1.6b Sub-captions (AR)
Package caption Info: New subtype `subfigure' on input line 238.
\c@subfigure=\count302
Package caption Info: New subtype `subtable' on input line 238.
\c@subtable=\count303
)
(d:/texlive/2026/texmf-dist/tex/latex/hyperref/hyperref.sty
Package: hyperref 2026-01-29 v7.01p Hypertext links for LaTeX

(d:/texlive/2026/texmf-dist/tex/generic/iftex/iftex.sty
Package: iftex 2024/12/12 v1.0g TeX engine tests
)
(d:/texlive/2026/texmf-dist/tex/latex/kvsetkeys/kvsetkeys.sty
Package: kvsetkeys 2022-10-05 v1.19 Key value parser (HO)
)
(d:/texlive/2026/texmf-dist/tex/generic/kvdefinekeys/kvdefinekeys.sty
Package: kvdefinekeys 2019-12-19 v1.6 Define keys (HO)
)
(d:/texlive/2026/texmf-dist/tex/generic/pdfescape/pdfescape.sty
Package: pdfescape 2019/12/09 v1.15 Implements pdfTeX's escape features (HO)

(d:/texlive/2026/texmf-dist/tex/generic/ltxcmds/ltxcmds.sty
Package: ltxcmds 2023-12-04 v1.26 LaTeX kernel commands for general use (HO)
)
(d:/texlive/2026/texmf-dist/tex/generic/pdftexcmds/pdftexcmds.sty
Package: pdftexcmds 2020-06-27 v0.33 Utility functions of pdfTeX for LuaTeX (HO
)

(d:/texlive/2026/texmf-dist/tex/generic/infwarerr/infwarerr.sty
Package: infwarerr 2019/12/03 v1.5 Providing info/warning/error messages (HO)
)
Package pdftexcmds Info: \pdf@primitive is available.
Package pdftexcmds Info: \pdf@ifprimitive is available.
Package pdftexcmds Info: \pdfdraftmode found.
))
(d:/texlive/2026/texmf-dist/tex/latex/hycolor/hycolor.sty
Package: hycolor 2020-01-27 v1.10 Color options for hyperref/bookmark (HO)
)
(d:/texlive/2026/texmf-dist/tex/latex/hyperref/nameref.sty
Package: nameref 2026-01-29 v2.58 Cross-referencing by name of section

(d:/texlive/2026/texmf-dist/tex/latex/refcount/refcount.sty
Package: refcount 2019/12/15 v3.6 Data extraction from label references (HO)
)
(d:/texlive/2026/texmf-dist/tex/generic/gettitlestring/gettitlestring.sty
Package: gettitlestring 2019/12/15 v1.6 Cleanup title references (HO)

(d:/texlive/2026/texmf-dist/tex/latex/kvoptions/kvoptions.sty
Package: kvoptions 2022-06-15 v3.15 Key value format for package options (HO)
))
\c@section@level=\count304
)
(d:/texlive/2026/texmf-dist/tex/latex/etoolbox/etoolbox.sty
Package: etoolbox 2025/10/02 v2.5m e-TeX tools for LaTeX (JAW)
\etb@tempcnta=\count305
)
(d:/texlive/2026/texmf-dist/tex/generic/stringenc/stringenc.sty
Package: stringenc 2019/11/29 v1.12 Convert strings between diff. encodings (HO
)
)
\@linkdim=\dimen186
\Hy@linkcounter=\count306
\Hy@pagecounter=\count307

(d:/texlive/2026/texmf-dist/tex/latex/hyperref/pd1enc.def
File: pd1enc.def 2026-01-29 v7.01p Hyperref: PDFDocEncoding definition (HO)
Now handling font encoding PD1 ...
... no UTF-8 mapping file for font encoding PD1
)
(d:/texlive/2026/texmf-dist/tex/generic/intcalc/intcalc.sty
Package: intcalc 2019/12/15 v1.3 Expandable calculations with integers (HO)
)
\Hy@SavedSpaceFactor=\count308

(d:/texlive/2026/texmf-dist/tex/latex/hyperref/puenc.def
File: puenc.def 2026-01-29 v7.01p Hyperref: PDF Unicode definition (HO)
Now handling font encoding PU ...
... no UTF-8 mapping file for font encoding PU
)
Package hyperref Info: Hyper figures OFF on input line 4201.
Package hyperref Info: Link nesting OFF on input line 4206.
Package hyperref Info: Hyper index ON on input line 4209.
Package hyperref Info: Plain pages OFF on input line 4216.
Package hyperref Info: Backreferencing OFF on input line 4221.
Package hyperref Info: Implicit mode ON; LaTeX internals redefined.
Package hyperref Info: Bookmarks ON on input line 4468.
\c@Hy@tempcnt=\count309

(d:/texlive/2026/texmf-dist/tex/latex/url/url.sty
\Urlmuskip=\muskip18
Package: url 2013/09/16  ver 3.4  Verb mode for urls, etc.
)
LaTeX Info: Redefining \url on input line 4807.
\XeTeXLinkMargin=\dimen187

(d:/texlive/2026/texmf-dist/tex/generic/bitset/bitset.sty
Package: bitset 2019/12/09 v1.3 Handle bit-vector datatype (HO)

(d:/texlive/2026/texmf-dist/tex/generic/bigintcalc/bigintcalc.sty
Package: bigintcalc 2019/12/15 v1.5 Expandable calculations on big integers (HO
)
))
\Fld@menulength=\count310
\Field@Width=\dimen188
\Fld@charsize=\dimen189
Package hyperref Info: Hyper figures OFF on input line 6084.
Package hyperref Info: Link nesting OFF on input line 6089.
Package hyperref Info: Hyper index ON on input line 6092.
Package hyperref Info: backreferencing OFF on input line 6099.
Package hyperref Info: Link coloring OFF on input line 6104.
Package hyperref Info: Link coloring with OCG OFF on input line 6109.
Package hyperref Info: PDF/A mode OFF on input line 6114.
\Hy@abspage=\count311
\c@Item=\count312
\c@Hfootnote=\count313
)
Package hyperref Info: Driver (autodetected): hpdftex.

(d:/texlive/2026/texmf-dist/tex/latex/hyperref/hpdftex.def
File: hpdftex.def 2026-01-29 v7.01p Hyperref driver for pdfTeX
\Fld@listcount=\count314
\c@bookmark@seq@number=\count315

(d:/texlive/2026/texmf-dist/tex/latex/rerunfilecheck/rerunfilecheck.sty
Package: rerunfilecheck 2025-06-21 v1.11 Rerun checks for auxiliary files (HO)

(d:/texlive/2026/texmf-dist/tex/generic/uniquecounter/uniquecounter.sty
Package: uniquecounter 2019/12/15 v1.4 Provide unlimited unique counter (HO)
)
Package uniquecounter Info: New unique counter `rerunfilecheck' on input line 2
84.
)
\Hy@SectionHShift=\skip58
)
(d:/texlive/2026/texmf-dist/tex/latex/graphics/color.sty
Package: color 2025/01/14 v1.3e Standard LaTeX Color (DPC)

(d:/texlive/2026/texmf-dist/tex/latex/graphics-cfg/color.cfg
File: color.cfg 2016/01/02 v1.6 sample color configuration
)
Package color Info: Driver file: pdftex.def on input line 149.

(d:/texlive/2026/texmf-dist/tex/latex/graphics/mathcolor.ltx))
(d:/texlive/2026/texmf-dist/tex/latex/natbib/natbib.sty
Package: natbib 2010/09/13 8.31b (PWD, AO)
\bibhang=\skip59
\bibsep=\skip60
LaTeX Info: Redefining \cite on input line 694.
\c@NAT@ctr=\count316
)
(d:/texlive/2026/texmf-dist/tex/latex/pgf/frontendlayer/tikz.sty
(d:/texlive/2026/texmf-dist/tex/latex/pgf/basiclayer/pgf.sty
(d:/texlive/2026/texmf-dist/tex/latex/pgf/utilities/pgfrcs.sty
(d:/texlive/2026/texmf-dist/tex/generic/pgf/utilities/pgfutil-common.tex
\pgfutil@everybye=\toks24
\pgfutil@tempdima=\dimen190
\pgfutil@tempdimb=\dimen191
)
(d:/texlive/2026/texmf-dist/tex/generic/pgf/utilities/pgfutil-latex.def
\pgfutil@abb=\box57
)
(d:/texlive/2026/texmf-dist/tex/generic/pgf/utilities/pgfrcs.code.tex
(d:/texlive/2026/texmf-dist/tex/generic/pgf/pgf.revision.tex)
Package: pgfrcs 2025-08-29 v3.1.11a (3.1.11a)
))
Package: pgf 2025-08-29 v3.1.11a (3.1.11a)

(d:/texlive/2026/texmf-dist/tex/latex/pgf/basiclayer/pgfcore.sty
(d:/texlive/2026/texmf-dist/tex/latex/pgf/systemlayer/pgfsys.sty
(d:/texlive/2026/texmf-dist/tex/generic/pgf/systemlayer/pgfsys.code.tex
Package: pgfsys 2025-08-29 v3.1.11a (3.1.11a)

(d:/texlive/2026/texmf-dist/tex/generic/pgf/utilities/pgfkeys.code.tex
\pgfkeys@pathtoks=\toks25
\pgfkeys@temptoks=\toks26

(d:/texlive/2026/texmf-dist/tex/generic/pgf/utilities/pgfkeyslibraryfiltered.co
de.tex
\pgfkeys@tmptoks=\toks27
))
\pgf@x=\dimen192
\pgf@y=\dimen193
\pgf@xa=\dimen194
\pgf@ya=\dimen195
\pgf@xb=\dimen196
\pgf@yb=\dimen197
\pgf@xc=\dimen198
\pgf@yc=\dimen199
\pgf@xd=\dimen256
\pgf@yd=\dimen257
\w@pgf@writea=\write3
\r@pgf@reada=\read2
\c@pgf@counta=\count317
\c@pgf@countb=\count318
\c@pgf@countc=\count319
\c@pgf@countd=\count320
\t@pgf@toka=\toks28
\t@pgf@tokb=\toks29
\t@pgf@tokc=\toks30
\pgf@sys@id@count=\count321
 (d:/texlive/2026/texmf-dist/tex/generic/pgf/systemlayer/pgf.cfg
File: pgf.cfg 2025-08-29 v3.1.11a (3.1.11a)
)
Driver file for pgf: pgfsys-pdftex.def

(d:/texlive/2026/texmf-dist/tex/generic/pgf/systemlayer/pgfsys-pdftex.def
File: pgfsys-pdftex.def 2025-08-29 v3.1.11a (3.1.11a)

(d:/texlive/2026/texmf-dist/tex/generic/pgf/systemlayer/pgfsys-common-pdf.def
File: pgfsys-common-pdf.def 2025-08-29 v3.1.11a (3.1.11a)
)))
(d:/texlive/2026/texmf-dist/tex/generic/pgf/systemlayer/pgfsyssoftpath.code.tex
File: pgfsyssoftpath.code.tex 2025-08-29 v3.1.11a (3.1.11a)
\pgfsyssoftpath@smallbuffer@items=\count322
\pgfsyssoftpath@bigbuffer@items=\count323
)
(d:/texlive/2026/texmf-dist/tex/generic/pgf/systemlayer/pgfsysprotocol.code.tex
File: pgfsysprotocol.code.tex 2025-08-29 v3.1.11a (3.1.11a)
)) (d:/texlive/2026/texmf-dist/tex/latex/xcolor/xcolor.sty
Package: xcolor 2024/09/29 v3.02 LaTeX color extensions (UK)

(d:/texlive/2026/texmf-dist/tex/latex/graphics-cfg/color.cfg
File: color.cfg 2016/01/02 v1.6 sample color configuration
)
Package xcolor Info: Driver file: pdftex.def on input line 274.
LaTeX Info: Redefining \color on input line 762.

(d:/texlive/2026/texmf-dist/tex/latex/graphics/mathcolor.ltx)
Package xcolor Info: Model `cmy' substituted by `cmy0' on input line 1349.
Package xcolor Info: Model `hsb' substituted by `rgb' on input line 1353.
Package xcolor Info: Model `RGB' extended on input line 1365.
Package xcolor Info: Model `HTML' substituted by `rgb' on input line 1367.
Package xcolor Info: Model `Hsb' substituted by `hsb' on input line 1368.
Package xcolor Info: Model `tHsb' substituted by `hsb' on input line 1369.
Package xcolor Info: Model `HSB' substituted by `hsb' on input line 1370.
Package xcolor Info: Model `Gray' substituted by `gray' on input line 1371.
Package xcolor Info: Model `wave' substituted by `hsb' on input line 1372.
)
(d:/texlive/2026/texmf-dist/tex/generic/pgf/basiclayer/pgfcore.code.tex
Package: pgfcore 2025-08-29 v3.1.11a (3.1.11a)

(d:/texlive/2026/texmf-dist/tex/generic/pgf/math/pgfmath.code.tex
(d:/texlive/2026/texmf-dist/tex/generic/pgf/math/pgfmathutil.code.tex)
(d:/texlive/2026/texmf-dist/tex/generic/pgf/math/pgfmathparser.code.tex
\pgfmath@dimen=\dimen258
\pgfmath@count=\count324
\pgfmath@box=\box58
\pgfmath@toks=\toks31
\pgfmath@stack@operand=\toks32
\pgfmath@stack@operation=\toks33
)
(d:/texlive/2026/texmf-dist/tex/generic/pgf/math/pgfmathfunctions.code.tex)
(d:/texlive/2026/texmf-dist/tex/generic/pgf/math/pgfmathfunctions.basic.code.te
x)
(d:/texlive/2026/texmf-dist/tex/generic/pgf/math/pgfmathfunctions.trigonometric
.code.tex)
(d:/texlive/2026/texmf-dist/tex/generic/pgf/math/pgfmathfunctions.random.code.t
ex)
(d:/texlive/2026/texmf-dist/tex/generic/pgf/math/pgfmathfunctions.comparison.co
de.tex)
(d:/texlive/2026/texmf-dist/tex/generic/pgf/math/pgfmathfunctions.base.code.tex
)
(d:/texlive/2026/texmf-dist/tex/generic/pgf/math/pgfmathfunctions.round.code.te
x)
(d:/texlive/2026/texmf-dist/tex/generic/pgf/math/pgfmathfunctions.misc.code.tex
)
(d:/texlive/2026/texmf-dist/tex/generic/pgf/math/pgfmathfunctions.integerarithm
etics.code.tex)
(d:/texlive/2026/texmf-dist/tex/generic/pgf/math/pgfmathcalc.code.tex)
(d:/texlive/2026/texmf-dist/tex/generic/pgf/math/pgfmathfloat.code.tex
\c@pgfmathroundto@lastzeros=\count325
))
(d:/texlive/2026/texmf-dist/tex/generic/pgf/math/pgfint.code.tex)
(d:/texlive/2026/texmf-dist/tex/generic/pgf/basiclayer/pgfcorepoints.code.tex
File: pgfcorepoints.code.tex 2025-08-29 v3.1.11a (3.1.11a)
\pgf@picminx=\dimen259
\pgf@picmaxx=\dimen260
\pgf@picminy=\dimen261
\pgf@picmaxy=\dimen262
\pgf@pathminx=\dimen263
\pgf@pathmaxx=\dimen264
\pgf@pathminy=\dimen265
\pgf@pathmaxy=\dimen266
\pgf@xx=\dimen267
\pgf@xy=\dimen268
\pgf@yx=\dimen269
\pgf@yy=\dimen270
\pgf@zx=\dimen271
\pgf@zy=\dimen272
)
(d:/texlive/2026/texmf-dist/tex/generic/pgf/basiclayer/pgfcorepathconstruct.cod
e.tex
File: pgfcorepathconstruct.code.tex 2025-08-29 v3.1.11a (3.1.11a)
\pgf@path@lastx=\dimen273
\pgf@path@lasty=\dimen274
)
(d:/texlive/2026/texmf-dist/tex/generic/pgf/basiclayer/pgfcorepathusage.code.te
x
File: pgfcorepathusage.code.tex 2025-08-29 v3.1.11a (3.1.11a)
\pgf@shorten@end@additional=\dimen275
\pgf@shorten@start@additional=\dimen276
)
(d:/texlive/2026/texmf-dist/tex/generic/pgf/basiclayer/pgfcorescopes.code.tex
File: pgfcorescopes.code.tex 2025-08-29 v3.1.11a (3.1.11a)
\pgfpic=\box59
\pgf@hbox=\box60
\pgf@layerbox@main=\box61
\pgf@picture@serial@count=\count326
)
(d:/texlive/2026/texmf-dist/tex/generic/pgf/basiclayer/pgfcoregraphicstate.code
.tex
File: pgfcoregraphicstate.code.tex 2025-08-29 v3.1.11a (3.1.11a)
\pgflinewidth=\dimen277
)
(d:/texlive/2026/texmf-dist/tex/generic/pgf/basiclayer/pgfcoretransformations.c
ode.tex
File: pgfcoretransformations.code.tex 2025-08-29 v3.1.11a (3.1.11a)
\pgf@pt@x=\dimen278
\pgf@pt@y=\dimen279
\pgf@pt@temp=\dimen280
)
(d:/texlive/2026/texmf-dist/tex/generic/pgf/basiclayer/pgfcorequick.code.tex
File: pgfcorequick.code.tex 2025-08-29 v3.1.11a (3.1.11a)
)
(d:/texlive/2026/texmf-dist/tex/generic/pgf/basiclayer/pgfcoreobjects.code.tex
File: pgfcoreobjects.code.tex 2025-08-29 v3.1.11a (3.1.11a)
)
(d:/texlive/2026/texmf-dist/tex/generic/pgf/basiclayer/pgfcorepathprocessing.co
de.tex
File: pgfcorepathprocessing.code.tex 2025-08-29 v3.1.11a (3.1.11a)
)
(d:/texlive/2026/texmf-dist/tex/generic/pgf/basiclayer/pgfcorearrows.code.tex
File: pgfcorearrows.code.tex 2025-08-29 v3.1.11a (3.1.11a)
\pgfarrowsep=\dimen281
)
(d:/texlive/2026/texmf-dist/tex/generic/pgf/basiclayer/pgfcoreshade.code.tex
File: pgfcoreshade.code.tex 2025-08-29 v3.1.11a (3.1.11a)
\pgf@max=\dimen282
\pgf@sys@shading@range@num=\count327
\pgf@shadingcount=\count328
)
(d:/texlive/2026/texmf-dist/tex/generic/pgf/basiclayer/pgfcoreimage.code.tex
File: pgfcoreimage.code.tex 2025-08-29 v3.1.11a (3.1.11a)
)
(d:/texlive/2026/texmf-dist/tex/generic/pgf/basiclayer/pgfcoreexternal.code.tex
File: pgfcoreexternal.code.tex 2025-08-29 v3.1.11a (3.1.11a)
\pgfexternal@startupbox=\box62
) (d:/texlive/2026/texmf-dist/tex/generic/pgf/basiclayer/pgfcorelayers.code.tex
File: pgfcorelayers.code.tex 2025-08-29 v3.1.11a (3.1.11a)
)
(d:/texlive/2026/texmf-dist/tex/generic/pgf/basiclayer/pgfcoretransparency.code
.tex
File: pgfcoretransparency.code.tex 2025-08-29 v3.1.11a (3.1.11a)
)
(d:/texlive/2026/texmf-dist/tex/generic/pgf/basiclayer/pgfcorepatterns.code.tex
File: pgfcorepatterns.code.tex 2025-08-29 v3.1.11a (3.1.11a)
) (d:/texlive/2026/texmf-dist/tex/generic/pgf/basiclayer/pgfcorerdf.code.tex
File: pgfcorerdf.code.tex 2025-08-29 v3.1.11a (3.1.11a)
))) (d:/texlive/2026/texmf-dist/tex/generic/pgf/modules/pgfmoduleshapes.code.te
x
File: pgfmoduleshapes.code.tex 2025-08-29 v3.1.11a (3.1.11a)
\pgfnodeparttextbox=\box63
)
(d:/texlive/2026/texmf-dist/tex/generic/pgf/modules/pgfmoduleplot.code.tex
File: pgfmoduleplot.code.tex 2025-08-29 v3.1.11a (3.1.11a)
)
(d:/texlive/2026/texmf-dist/tex/latex/pgf/compatibility/pgfcomp-version-0-65.st
y
Package: pgfcomp-version-0-65 2025-08-29 v3.1.11a (3.1.11a)
\pgf@nodesepstart=\dimen283
\pgf@nodesepend=\dimen284
)
(d:/texlive/2026/texmf-dist/tex/latex/pgf/compatibility/pgfcomp-version-1-18.st
y
Package: pgfcomp-version-1-18 2025-08-29 v3.1.11a (3.1.11a)
)) (d:/texlive/2026/texmf-dist/tex/latex/pgf/utilities/pgffor.sty
(d:/texlive/2026/texmf-dist/tex/latex/pgf/utilities/pgfkeys.sty
(d:/texlive/2026/texmf-dist/tex/generic/pgf/utilities/pgfkeys.code.tex))
(d:/texlive/2026/texmf-dist/tex/latex/pgf/math/pgfmath.sty
(d:/texlive/2026/texmf-dist/tex/generic/pgf/math/pgfmath.code.tex))
(d:/texlive/2026/texmf-dist/tex/generic/pgf/utilities/pgffor.code.tex
Package: pgffor 2025-08-29 v3.1.11a (3.1.11a)
\pgffor@iter=\dimen285
\pgffor@skip=\dimen286
\pgffor@stack=\toks34
\pgffor@toks=\toks35
))
(d:/texlive/2026/texmf-dist/tex/generic/pgf/frontendlayer/tikz/tikz.code.tex
Package: tikz 2025-08-29 v3.1.11a (3.1.11a)

(d:/texlive/2026/texmf-dist/tex/generic/pgf/libraries/pgflibraryplothandlers.co
de.tex
File: pgflibraryplothandlers.code.tex 2025-08-29 v3.1.11a (3.1.11a)
\pgf@plot@mark@count=\count329
\pgfplotmarksize=\dimen287
)
\tikz@lastx=\dimen288
\tikz@lasty=\dimen289
\tikz@lastxsaved=\dimen290
\tikz@lastysaved=\dimen291
\tikz@lastmovetox=\dimen292
\tikz@lastmovetoy=\dimen293
\tikzleveldistance=\dimen294
\tikzsiblingdistance=\dimen295
\tikz@figbox=\box64
\tikz@figbox@bg=\box65
\tikz@tempbox=\box66
\tikz@tempbox@bg=\box67
\tikztreelevel=\count330
\tikznumberofchildren=\count331
\tikznumberofcurrentchild=\count332
\tikz@fig@count=\count333

(d:/texlive/2026/texmf-dist/tex/generic/pgf/modules/pgfmodulematrix.code.tex
File: pgfmodulematrix.code.tex 2025-08-29 v3.1.11a (3.1.11a)
\pgfmatrixcurrentrow=\count334
\pgfmatrixcurrentcolumn=\count335
\pgf@matrix@numberofcolumns=\count336
)
\tikz@expandcount=\count337

(d:/texlive/2026/texmf-dist/tex/generic/pgf/frontendlayer/tikz/libraries/tikzli
brarytopaths.code.tex
File: tikzlibrarytopaths.code.tex 2025-08-29 v3.1.11a (3.1.11a)
)))
(d:/texlive/2026/texmf-dist/tex/generic/pgf/frontendlayer/tikz/libraries/tikzli
brarypositioning.code.tex
File: tikzlibrarypositioning.code.tex 2025-08-29 v3.1.11a (3.1.11a)
)
(d:/texlive/2026/texmf-dist/tex/generic/pgf/libraries/pgflibraryarrows.meta.cod
e.tex
File: pgflibraryarrows.meta.code.tex 2025-08-29 v3.1.11a (3.1.11a)
\pgfarrowinset=\dimen296
\pgfarrowlength=\dimen297
\pgfarrowwidth=\dimen298
\pgfarrowlinewidth=\dimen299
)
(d:/texlive/2026/texmf-dist/tex/generic/pgf/frontendlayer/tikz/libraries/tikzli
braryshapes.geometric.code.tex
File: tikzlibraryshapes.geometric.code.tex 2025-08-29 v3.1.11a (3.1.11a)

(d:/texlive/2026/texmf-dist/tex/generic/pgf/libraries/shapes/pgflibraryshapes.g
eometric.code.tex
File: pgflibraryshapes.geometric.code.tex 2025-08-29 v3.1.11a (3.1.11a)
))
(d:/texlive/2026/texmf-dist/tex/generic/pgf/frontendlayer/tikz/libraries/tikzli
braryfit.code.tex
File: tikzlibraryfit.code.tex 2025-08-29 v3.1.11a (3.1.11a)
)
(d:/texlive/2026/texmf-dist/tex/generic/pgf/frontendlayer/tikz/libraries/tikzli
brarycalc.code.tex
File: tikzlibrarycalc.code.tex 2025-08-29 v3.1.11a (3.1.11a)
)
(d:/texlive/2026/texmf-dist/tex/latex/l3backend/l3backend-pdftex.def
File: l3backend-pdftex.def 2026-02-18 L3 backend support: PDF output (pdfTeX)
\l__color_backend_stack_int=\count338
)
(./rse_geofm_world_model_rl_v2.aux)
\openout1 = `rse_geofm_world_model_rl_v2.aux'.

LaTeX Font Info:    Checking defaults for OML/cmm/m/it on input line 36.
LaTeX Font Info:    ... okay on input line 36.
LaTeX Font Info:    Checking defaults for OMS/cmsy/m/n on input line 36.
LaTeX Font Info:    ... okay on input line 36.
LaTeX Font Info:    Checking defaults for OT1/cmr/m/n on input line 36.
LaTeX Font Info:    ... okay on input line 36.
LaTeX Font Info:    Checking defaults for T1/cmr/m/n on input line 36.
LaTeX Font Info:    ... okay on input line 36.
LaTeX Font Info:    Checking defaults for TS1/cmr/m/n on input line 36.
LaTeX Font Info:    ... okay on input line 36.
LaTeX Font Info:    Checking defaults for OMX/cmex/m/n on input line 36.
LaTeX Font Info:    ... okay on input line 36.
LaTeX Font Info:    Checking defaults for U/cmr/m/n on input line 36.
LaTeX Font Info:    ... okay on input line 36.
LaTeX Font Info:    Checking defaults for PD1/pdf/m/n on input line 36.
LaTeX Font Info:    ... okay on input line 36.
LaTeX Font Info:    Checking defaults for PU/pdf/m/n on input line 36.
LaTeX Font Info:    ... okay on input line 36.

(d:/texlive/2026/texmf-dist/tex/context/base/mkii/supp-pdf.mkii
[Loading MPS to PDF converter (version 2006.09.02).]
\scratchcounter=\count339
\scratchdimen=\dimen300
\scratchbox=\box68
\nofMPsegments=\count340
\nofMParguments=\count341
\everyMPshowfont=\toks36
\MPscratchCnt=\count342
\MPscratchDim=\dimen301
\MPnumerator=\count343
\makeMPintoPDFobject=\count344
\everyMPtoPDFconversion=\toks37
) (d:/texlive/2026/texmf-dist/tex/latex/epstopdf-pkg/epstopdf-base.sty
Package: epstopdf-base 2020-01-24 v2.11 Base part for package epstopdf
Package epstopdf-base Info: Redefining graphics rule for `.eps' on input line 4
85.

(d:/texlive/2026/texmf-dist/tex/latex/latexconfig/epstopdf-sys.cfg
File: epstopdf-sys.cfg 2010/07/13 v1.3 Configuration of (r)epstopdf for TeX Liv
e
))
Package caption Info: Begin \AtBeginDocument code.
Package caption Info: hyperref package is loaded.
Package caption Info: End \AtBeginDocument code.
Package hyperref Info: Link coloring OFF on input line 36.

(./rse_geofm_world_model_rl_v2.out) (./rse_geofm_world_model_rl_v2.out)
\@outlinefile=\write4
\openout4 = `rse_geofm_world_model_rl_v2.out'.

LaTeX Font Info:    Trying to load font information for U+msa on input line 52.


(d:/texlive/2026/texmf-dist/tex/latex/amsfonts/umsa.fd
File: umsa.fd 2013/01/14 v3.01 AMS symbols A
)
LaTeX Font Info:    Trying to load font information for U+msb on input line 52.


(d:/texlive/2026/texmf-dist/tex/latex/amsfonts/umsb.fd
File: umsb.fd 2013/01/14 v3.01 AMS symbols B
) [1

{d:/texlive/2026/texmf-var/fonts/map/pdftex/updmap/pdftex.map}]
Overfull \hbox (3.4173pt too wide) in paragraph at lines 66--67
\OT1/cmr/m/n/10 Markov), CLUE-S, and lo-gis-tic regression---operate on cat-e-g
or-i-cal land-use maps,
 []

[2]
Overfull \hbox (9.44519pt too wide) in paragraph at lines 72--73
\OT1/cmr/m/n/10 phaEarth Foun-da-tions [[]Brown et al.[], []2025[]] pro-duces 6
4-dimensional L2-normalized
 []


Overfull \hbox (0.3896pt too wide) in paragraph at lines 76--77
\OT1/cmr/m/n/10 to com-press satel-lite ob-ser-va-tions into se-man-ti-cally me
an-ing-ful, tem-po-rally vary-
 []

[3]
Overfull \hbox (0.15141pt too wide) in paragraph at lines 87--88
[]\OT1/cmr/bx/n/10 An in-de-pen-dent cat-e-gor-i-cal change-validation pro-to-c
ol \OT1/cmr/m/n/10 on 11 area--
 []

[4]
Overfull \hbox (9.33415pt too wide) in paragraph at lines 108--109
[]\OT1/cmr/m/n/10 2025[]] stands out by pro-vid-ing annually-resolved, globally
-available, 64-dimensional
 []

[5]
Overfull \hbox (7.1925pt too wide) in paragraph at lines 168--169
\OT1/cmtt/m/n/10 open-[]datasets / landcover / ESRI _ Global-[]LULC _ 10m _ TS$
[]\OT1/cmr/m/n/10 ), pro-vid-ing 9 land-cover
 []

[6]
Overfull \hbox (0.65274pt too wide) in paragraph at lines 185--186
[]\OT1/cmr/bx/n/10 GeoFM-LDN (this pa-per's core sys-tem). \OT1/cmr/m/n/10 A tw
o-layer representation-
 []


Overfull \hbox (11.63959pt too wide) in paragraph at lines 185--186
\OT1/cmr/m/n/10 dynamics ar-chi-tec-ture: (i) a frozen Al-phaEarth Foun-da-tion
s en-coder (480M+
 []

[7] [8] [9] [10] [11] [12]
Overfull \hbox (4.87184pt too wide) in paragraph at lines 398--399
[]\OT1/cmr/bx/n/10 Changed pix-els: \OT1/cmr/m/n/10 top 20% by L2 dis-tance be-
tween $\OML/cmm/m/it/10 z[]$ \OT1/cmr/m/n/10 and $\OML/cmm/m/it/10 z[]$ \OT1/cm
r/m/n/10 (embedding-
 []

[13] [14]
Overfull \hbox (0.38947pt too wide) in paragraph at lines 420--421
\OT1/cmr/m/n/10 used in the re-vised manuscript and main-tain the same clas-si-
fi-ca-tion in a machine-
 []


Overfull \hbox (1.1698pt too wide) in paragraph at lines 433--433
[]|\OT1/cmr/m/n/8 Diagnostic 
 []


Overfull \hbox (1.1698pt too wide) in paragraph at lines 434--434
[]|\OT1/cmr/m/n/8 Diagnostic|  
 []


Overfull \hbox (1.1698pt too wide) in paragraph at lines 435--435
[]|\OT1/cmr/m/n/8 Diagnostic|  
 []


LaTeX Warning: Float too large for page by 44.14145pt on input line 441.

[15] [16] [17] [18]
Overfull \hbox (10.63818pt too wide) in alignment at lines 589--596
[] [] [] [] [] 
 []

[19]
Overfull \hbox (50.14238pt too wide) in alignment at lines 638--653
[] [] [] [] [] [] [] [] 
 []

[20] [21]
<../figures/fig_rse_revision_spatial_change_validation.pdf, id=498, 528.775pt x
 369.2031pt>
File: ../figures/fig_rse_revision_spatial_change_validation.pdf Graphic file (t
ype pdf)
<use ../figures/fig_rse_revision_spatial_change_validation.pdf>
Package pdftex.def Info: ../figures/fig_rse_revision_spatial_change_validation.
pdf  used on input line 668.
(pdftex.def)             Requested size: 345.0pt x 240.89745pt.

Overfull \hbox (24.77711pt too wide) in alignment at lines 684--713
[] [] [] [] [] [] [] 
 []

[22 <../figures/fig_rse_revision_spatial_change_validation.pdf>] [23]
Overfull \hbox (84.58304pt too wide) in alignment at lines 731--738
[] [] [] [] [] [] [] 
 []

<../figures/fig_rse_revision_area_performance.pdf, id=543, 452.97733pt x 343.02
449pt>
File: ../figures/fig_rse_revision_area_performance.pdf Graphic file (type pdf)
<use ../figures/fig_rse_revision_area_performance.pdf>
Package pdftex.def Info: ../figures/fig_rse_revision_area_performance.pdf  used
 on input line 745.
(pdftex.def)             Requested size: 345.0pt x 261.25612pt.
[24] [25 <../figures/fig_rse_revision_area_performance.pdf>]
Overfull \hbox (4.8617pt too wide) in paragraph at lines 799--800
\OT1/cmr/m/n/10 The recorded scal-ing di-ag-nos-tic is con-sis-tent with the in
-ter-pre-ta-tion that training-
 []

[26] [27] [28]
Overfull \hbox (1.00067pt too wide) in paragraph at lines 856--857
\OT1/cmr/m/n/10 does not iso-late which of (a) multi-modal in-put fu-sion (Al-p
haEarth uses Sentinel-
 []

<../figures/fig_rse_revision_encoder_diagnostic.pdf, id=591, 452.85185pt x 194.
99164pt>
File: ../figures/fig_rse_revision_encoder_diagnostic.pdf Graphic file (type pdf
)
<use ../figures/fig_rse_revision_encoder_diagnostic.pdf>
Package pdftex.def Info: ../figures/fig_rse_revision_encoder_diagnostic.pdf  us
ed on input line 862.
(pdftex.def)             Requested size: 345.0pt x 148.55222pt.
<../figures/fig_rse_revision_decoder_confusion.pdf, id=592, 286.73695pt x 291.7
377pt>
File: ../figures/fig_rse_revision_decoder_confusion.pdf Graphic file (type pdf)

<use ../figures/fig_rse_revision_decoder_confusion.pdf>
Package pdftex.def Info: ../figures/fig_rse_revision_decoder_confusion.pdf  use
d on input line 869.
(pdftex.def)             Requested size: 248.40042pt x 252.73247pt.
[29 <../figures/fig_rse_revision_encoder_diagnostic.pdf>] [30 <../figures/fig_r
se_revision_decoder_confusion.pdf>] [31]
Overfull \hbox (3.93564pt too wide) in paragraph at lines 897--899
\OT1/cmr/m/n/10 level statis-tics) is ap-pended, yield-ing the full ob-ser-va-t
ion $\OML/cmm/m/it/10 o \OT1/cmr/m/n/10 = [[](\OML/cmm/m/it/10 o[]; [] ; o[]\OT
1/cmr/m/n/10 ) \OMS/cmsy/m/n/10 k \OML/cmm/m/it/10 g\OT1/cmr/m/n/10 ]$. 
 []

[32]
<../figures/fig_rse_revision_planning_dropout.pdf, id=661, 449.22894pt x 216.53
423pt>
File: ../figures/fig_rse_revision_planning_dropout.pdf Graphic file (type pdf)
<use ../figures/fig_rse_revision_planning_dropout.pdf>
Package pdftex.def Info: ../figures/fig_rse_revision_planning_dropout.pdf  used
 on input line 976.
(pdftex.def)             Requested size: 345.0pt x 166.29573pt.

Overfull \hbox (1.15353pt too wide) in paragraph at lines 985--994
 [][] 
 []

[33] [34 <../figures/fig_rse_revision_planning_dropout.pdf>] [35]
Overfull \hbox (0.11087pt too wide) in paragraph at lines 1036--1037
[]\OT1/cmr/m/n/10 On \OT1/cmr/m/it/10 al-lo-ca-tion dis-agree-ment\OT1/cmr/m/n/
10 , SA-Alloc vari-ants win by roughly 2$\OMS/cmsy/m/n/10 ^^B$ \OT1/cmr/m/n/10 
on paired
 []

[36]
Overfull \hbox (0.21138pt too wide) in paragraph at lines 1044--1045
\OT1/cmr/m/n/10 native-driver de-ploy-ment. A native-driver com-par-i-son would
 re-quire ANN driver
 []

[37]
Overfull \hbox (6.58397pt too wide) in paragraph at lines 1064--1066
\OT1/cmr/m/n/10 space dy-nam-ics to fa-mil-iar transition-based work-flows, but
 the present manuscript
 []

[38] [39] [40]
Overfull \hbox (13.14432pt too wide) in paragraph at lines 1118--1119
[]\OT1/cmr/bx/n/10 Manually in-ter-preted change chips. \OT1/cmr/m/n/10 Com-ple
-men-tary to the E6-expanded
 []

[41] [42] [43]
Overfull \hbox (4.08228pt too wide) in paragraph at lines 1171--1172
[]$\OT1/cmtt/m/n/10 geosos _ flus _ per _ area _ wins . csv$ \OT1/cmr/m/n/10 --
- the M3 per-area, per-metric win/loss
 []


Overfull \hbox (47.7484pt too wide) in paragraph at lines 1177--1178
[]\OT1/cmr/m/n/10 The repos-i-tory will be made pub-lic at $\OT1/cmtt/m/n/10 ht
tps : / / github . com / anonymized-[]for-[]review /
 []

[44] [45] (./rse_geofm_world_model_rl_v2.aux)
 ***********
LaTeX2e <2025-11-01>
L3 programming layer <2026-03-20>
 ***********
Package rerunfilecheck Info: File `rse_geofm_world_model_rl_v2.out' has not cha
nged.
(rerunfilecheck)             Checksum: 0BFD68A7C63E86A68E001ECE65B17E13;12021.
 ) 
Here is how much of TeX's memory you used:
 23650 strings out of 468830
 442053 string characters out of 5454207
 851319 words of memory out of 5000000
 51953 multiletter control sequences out of 15000+600000
 640572 words of font info for 88 fonts, out of 8000000 for 9000
 319 hyphenation exceptions out of 8191
 84i,14n,104p,3038b,913s stack positions out of 10000i,1000n,20000p,200000b,200000s
 <c:/Users/zn198/.texlive2026/texmf-var/fonts/pk/ljfour/jknappen/ec/tcrm1000.
600pk><d:/texlive/2026/texmf-dist/fonts/type1/public/amsfonts/cm/cmbx10.pfb><d:
/texlive/2026/texmf-dist/fonts/type1/public/amsfonts/cm/cmbx12.pfb><d:/texlive/
2026/texmf-dist/fonts/type1/public/amsfonts/cm/cmbx8.pfb><d:/texlive/2026/texmf
-dist/fonts/type1/public/amsfonts/cm/cmbx9.pfb><d:/texlive/2026/texmf-dist/font
s/type1/public/amsfonts/cm/cmex10.pfb><d:/texlive/2026/texmf-dist/fonts/type1/p
ublic/amsfonts/cm/cmmi10.pfb><d:/texlive/2026/texmf-dist/fonts/type1/public/ams
fonts/cm/cmmi6.pfb><d:/texlive/2026/texmf-dist/fonts/type1/public/amsfonts/cm/c
mmi7.pfb><d:/texlive/2026/texmf-dist/fonts/type1/public/amsfonts/cm/cmmi8.pfb><
d:/texlive/2026/texmf-dist/fonts/type1/public/amsfonts/cm/cmmi9.pfb><d:/texlive
/2026/texmf-dist/fonts/type1/public/amsfonts/cm/cmr10.pfb><d:/texlive/2026/texm
f-dist/fonts/type1/public/amsfonts/cm/cmr12.pfb><d:/texlive/2026/texmf-dist/fon
ts/type1/public/amsfonts/cm/cmr17.pfb><d:/texlive/2026/texmf-dist/fonts/type1/p
ublic/amsfonts/cm/cmr6.pfb><d:/texlive/2026/texmf-dist/fonts/type1/public/amsfo
nts/cm/cmr7.pfb><d:/texlive/2026/texmf-dist/fonts/type1/public/amsfonts/cm/cmr8
.pfb><d:/texlive/2026/texmf-dist/fonts/type1/public/amsfonts/cm/cmr9.pfb><d:/te
xlive/2026/texmf-dist/fonts/type1/public/amsfonts/cm/cmsy10.pfb><d:/texlive/202
6/texmf-dist/fonts/type1/public/amsfonts/cm/cmsy6.pfb><d:/texlive/2026/texmf-di
st/fonts/type1/public/amsfonts/cm/cmsy7.pfb><d:/texlive/2026/texmf-dist/fonts/t
ype1/public/amsfonts/cm/cmsy8.pfb><d:/texlive/2026/texmf-dist/fonts/type1/publi
c/amsfonts/cm/cmsy9.pfb><d:/texlive/2026/texmf-dist/fonts/type1/public/amsfonts
/cm/cmti10.pfb><d:/texlive/2026/texmf-dist/fonts/type1/public/amsfonts/cm/cmti7
.pfb><d:/texlive/2026/texmf-dist/fonts/type1/public/amsfonts/cm/cmti8.pfb><d:/t
exlive/2026/texmf-dist/fonts/type1/public/amsfonts/cm/cmti9.pfb><d:/texlive/202
6/texmf-dist/fonts/type1/public/amsfonts/cm/cmtt10.pfb><d:/texlive/2026/texmf-d
ist/fonts/type1/public/amsfonts/symbols/msbm10.pfb>
Output written on rse_geofm_world_model_rl_v2.pdf (45 pages, 851493 bytes).
PDF statistics:
 946 PDF objects out of 1000 (max. 8388607)
 196 named destinations out of 1000 (max. 500000)
 486 words of extra memory for PDF output out of 10000 (max. 10000000)

